/Users/kai21/Projects/maf_bayesian/src/vis/plotting.py:238: SyntaxWarning: invalid escape sequence '\c'
  ax.set(xlabel="Extension [mm]", ylabel="Load [kN]", title=f"{title} (${angle}^\circ$)")
/Users/kai21/Projects/maf_bayesian/src/vis/plotting.py:289: SyntaxWarning: invalid escape sequence '\c'
  ax.set(xlabel="Extension [mm]", ylabel="Load [kN]", title=f"{title} (${angle}^\circ$)")
/Users/kai21/Projects/maf_bayesian/analyze.py:819: FutureWarning: The return type of `Dataset.dims` will be changed to return a set of dimension names in future, in order to be more consistent with `DataArray.dims`. To access a mapping from dimension names to lengths, please use `Dataset.sizes`.
  total_samples = posterior.dims.get(
<frozen _collections_abc>:811: FutureWarning: The return type of `Dataset.dims` will be changed to return a set of dimension names in future, in order to be more consistent with `DataArray.dims`. To access a mapping from dimension names to lengths, please use `Dataset.sizes`.
🧪 Running in EXPERIMENTAL mode - figures will be saved to figures/tmp/
Starting analysis...
Saving figures to figures/tmp/analysis_model_n_hv_20260109_101734
Saved experimental data plot to figures/tmp/analysis_model_n_hv_20260109_101734/experimental_data.png
Saved averaged experimental data plot to figures/tmp/analysis_model_n_hv_20260109_101734/experimental_data_averaged.png
Loading results from results/tmp/no_bias_hv_2026_01_09_10_11_31_MAF_linear.nc
Saved configuration log to figures/tmp/analysis_model_n_hv_20260109_101734/config_log.md
DEBUG_ANALYZE: input_xy_sim shape: (100, 2)
DEBUG_ANALYZE: input_xy_sim head:
[[4.85729377 2.39122194]
 [3.60446279 0.41344005]
 [0.7275753  1.31575696]
 [6.74191083 1.62073462]
 [5.84597421 1.69268294]]
Saved posterior distribution plot to figures/tmp/analysis_model_n_hv_20260109_101734/posterior_physical_20260109_101734.png
Saved stats to figures/tmp/analysis_model_n_hv_20260109_101734/inference_theta_stats_20260109_101734.csv
Saved posterior distribution plot to figures/tmp/analysis_model_n_hv_20260109_101734/posterior_hyper_20260109_101734.png
Saved stats to figures/tmp/analysis_model_n_hv_20260109_101734/inference_hyper_stats_20260109_101734.csv
Saved posterior distribution plot to figures/tmp/analysis_model_n_hv_20260109_101734/posterior_n_20260109_101734.png
Saved stats to figures/tmp/analysis_model_n_hv_20260109_101734/inference_n_stats_20260109_101734.csv
Generating prediction plots...
Using 95% prediction intervals (2.5% - 97.5%) with 1000 samples
Predicting for angles: [45, 90, 135]
Generating prior samples for prediction...
Running predictions per angle...

=== Predicting for Angle 45 ===
  --- Normal Direction ---
    Running prior prediction...
    Running posterior prediction...
  --- Shear Direction ---
    Running prior prediction...
    Running posterior prediction...

=== Predicting for Angle 90 ===
  --- Normal Direction ---
    Running prior prediction...
    Running posterior prediction...
  --- Shear Direction ---
    Running prior prediction...
    Running posterior prediction...

=== Predicting for Angle 135 ===
  --- Normal Direction ---
    Running prior prediction...
    Running posterior prediction...
  --- Shear Direction ---
    Running prior prediction...
    Running posterior prediction...

Generating Prior Spaghetti Grid...
Saved Prior spaghetti grid plot to figures/tmp/analysis_model_n_hv_20260109_101734/prediction_prior_grid_20260109_101734.png
Generating Posterior Spaghetti Grid...
Saved Posterior spaghetti grid plot to figures/tmp/analysis_model_n_hv_20260109_101734/prediction_posterior_grid_20260109_101734.png

Running Residual Analysis...
  Residuals: Angle 135...
  Residuals: Angle 135...
  Residuals: Angle 45...
  Residuals: Angle 45...
  Residuals: Angle 45...
  Residuals: Angle 90...
  Residuals: Angle 90...
  Residuals: Angle 90...
Residual analysis complete.

Generating Traceplots for Convergence Diagnostics...
  Plotting trace for physical parameters: ['E_1', 'E_2', 'v_12', 'v_23', 'G_12']
  Plotting trace for hyperparameters: ['lambda_E1', 'lambda_E2', 'lambda_G12', 'lambda_P', 'lambda_alpha', 'lambda_v12', 'lambda_v23', 'mu_emulator', 'sigma_emulator', 'sigma_measure']
Traceplots saved.
Analysis complete.
